<?xml version="1.0" encoding="UTF-8"?>
<TestRun id="928fdf0c-d7f8-49d2-b6c7-830baebf5ae3" name="bitmask@X220V2 2012-05-05 14:04:20" runUser="X220V2\bitmask" xmlns="http://microsoft.com/schemas/VisualStudio/TeamTest/2010">
  <TestSettings name="Local" id="376875eb-3a57-4823-843f-c1397ad28b21">
    <Description>These are default test settings for a local test run.</Description>
    <Deployment enabled="false" runDeploymentRoot="bitmask_X220V2 2012-05-05 14_04_20">
      <DeploymentItem filename="C:\dev\github\classes\linq\labs\LINQ_Layered\after\EmployeeTimeCards\EmployeeTimeCards.Core\bin\Debug\EmployeeTimeCards.Core.dll" />
      <DeploymentItem filename="C:\dev\github\classes\linq\labs\LINQ_Layered\after\EmployeeTimeCards\EmployeeTimeCards.Web\bin\EmployeeTimeCards.Web.dll" />
    </Deployment>
    <Execution>
      <TestTypeSpecific />
      <AgentRule name="Execution Agents">
      </AgentRule>
    </Execution>
  </TestSettings>
  <Times creation="2012-05-05T14:04:20.9006677-04:00" queuing="2012-05-05T14:04:21.1016792-04:00" start="2012-05-05T14:04:21.1306809-04:00" finish="2012-05-05T14:04:22.1207375-04:00" />
  <ResultSummary outcome="Completed">
    <Counters total="3" executed="3" passed="3" error="0" failed="0" timeout="0" aborted="0" inconclusive="0" passedButRunAborted="0" notRunnable="0" notExecuted="0" disconnected="0" warning="0" completed="0" inProgress="0" pending="0" />
  </ResultSummary>
  <TestDefinitions>
    <UnitTest name="Does_Not_Commit_When_ModelState_Invalid" storage="c:\dev\github\classes\linq\labs\linq_layered\after\employeetimecards\employeetimecards.tests\bin\debug\employeetimecards.tests.dll" id="d03a428e-dd2a-a802-515d-2f2931fb9367">
      <Execution id="9499d713-776a-4b17-9d01-2d1b4af7ece9" />
      <TestMethod codeBase="C:/dev/github/classes/linq/labs/LINQ_Layered/after/EmployeeTimeCards/EmployeeTimeCards.Tests/bin/Debug/EmployeeTimeCards.Tests.DLL" adapterTypeName="Microsoft.VisualStudio.TestTools.TestTypes.Unit.UnitTestAdapter, Microsoft.VisualStudio.QualityTools.Tips.UnitTest.Adapter, Version=10.0.0.0, Culture=neutral, PublicKeyToken=b03f5f7f11d50a3a" className="EmployeeTimeCards.Tests.HomeController_Edit, EmployeeTimeCards.Tests, Version=1.0.0.0, Culture=neutral, PublicKeyToken=null" name="Does_Not_Commit_When_ModelState_Invalid" />
    </UnitTest>
    <UnitTest name="Commits_When_Edit_Succesfull" storage="c:\dev\github\classes\linq\labs\linq_layered\after\employeetimecards\employeetimecards.tests\bin\debug\employeetimecards.tests.dll" id="918eb8ca-fa38-3e71-72ee-971248c932db">
      <Execution id="4da521b3-a771-410d-b344-8e0d66e48393" />
      <TestMethod codeBase="C:/dev/github/classes/linq/labs/LINQ_Layered/after/EmployeeTimeCards/EmployeeTimeCards.Tests/bin/Debug/EmployeeTimeCards.Tests.DLL" adapterTypeName="Microsoft.VisualStudio.TestTools.TestTypes.Unit.UnitTestAdapter, Microsoft.VisualStudio.QualityTools.Tips.UnitTest.Adapter, Version=10.0.0.0, Culture=neutral, PublicKeyToken=b03f5f7f11d50a3a" className="EmployeeTimeCards.Tests.HomeController_Edit, EmployeeTimeCards.Tests, Version=1.0.0.0, Culture=neutral, PublicKeyToken=null" name="Commits_When_Edit_Succesfull" />
    </UnitTest>
    <UnitTest name="Returns_Correct_Model_On_Edit_Get" storage="c:\dev\github\classes\linq\labs\linq_layered\after\employeetimecards\employeetimecards.tests\bin\debug\employeetimecards.tests.dll" id="8db44f18-bf66-0907-e2ee-479518dabd8a">
      <Execution id="c875cba8-bfeb-49b5-8b7d-ca6eba499579" />
      <TestMethod codeBase="C:/dev/github/classes/linq/labs/LINQ_Layered/after/EmployeeTimeCards/EmployeeTimeCards.Tests/bin/Debug/EmployeeTimeCards.Tests.DLL" adapterTypeName="Microsoft.VisualStudio.TestTools.TestTypes.Unit.UnitTestAdapter, Microsoft.VisualStudio.QualityTools.Tips.UnitTest.Adapter, Version=10.0.0.0, Culture=neutral, PublicKeyToken=b03f5f7f11d50a3a" className="EmployeeTimeCards.Tests.HomeController_Edit, EmployeeTimeCards.Tests, Version=1.0.0.0, Culture=neutral, PublicKeyToken=null" name="Returns_Correct_Model_On_Edit_Get" />
    </UnitTest>
  </TestDefinitions>
  <TestLists>
    <TestList name="Results Not in a List" id="8c84fa94-04c1-424b-9868-57a2d4851a1d" />
    <TestList name="All Loaded Results" id="19431567-8539-422a-85d7-44ee4e166bda" />
  </TestLists>
  <TestEntries>
    <TestEntry testId="8db44f18-bf66-0907-e2ee-479518dabd8a" executionId="c875cba8-bfeb-49b5-8b7d-ca6eba499579" testListId="8c84fa94-04c1-424b-9868-57a2d4851a1d" />
    <TestEntry testId="918eb8ca-fa38-3e71-72ee-971248c932db" executionId="4da521b3-a771-410d-b344-8e0d66e48393" testListId="8c84fa94-04c1-424b-9868-57a2d4851a1d" />
    <TestEntry testId="d03a428e-dd2a-a802-515d-2f2931fb9367" executionId="9499d713-776a-4b17-9d01-2d1b4af7ece9" testListId="8c84fa94-04c1-424b-9868-57a2d4851a1d" />
  </TestEntries>
  <Results>
    <UnitTestResult executionId="c875cba8-bfeb-49b5-8b7d-ca6eba499579" testId="8db44f18-bf66-0907-e2ee-479518dabd8a" testName="Returns_Correct_Model_On_Edit_Get" computerName="X220V2" duration="00:00:00.0927448" startTime="2012-05-05T14:04:21.1436816-04:00" endTime="2012-05-05T14:04:22.0447332-04:00" testType="13cdc9d9-ddb5-4fa4-a97d-d965ccfc6d4b" outcome="Passed" testListId="8c84fa94-04c1-424b-9868-57a2d4851a1d" relativeResultsDirectory="c875cba8-bfeb-49b5-8b7d-ca6eba499579">
    </UnitTestResult>
    <UnitTestResult executionId="4da521b3-a771-410d-b344-8e0d66e48393" testId="918eb8ca-fa38-3e71-72ee-971248c932db" testName="Commits_When_Edit_Succesfull" computerName="X220V2" duration="00:00:00.0031686" startTime="2012-05-05T14:04:22.0527336-04:00" endTime="2012-05-05T14:04:22.0637343-04:00" testType="13cdc9d9-ddb5-4fa4-a97d-d965ccfc6d4b" outcome="Passed" testListId="8c84fa94-04c1-424b-9868-57a2d4851a1d" relativeResultsDirectory="4da521b3-a771-410d-b344-8e0d66e48393">
    </UnitTestResult>
    <UnitTestResult executionId="9499d713-776a-4b17-9d01-2d1b4af7ece9" testId="d03a428e-dd2a-a802-515d-2f2931fb9367" testName="Does_Not_Commit_When_ModelState_Invalid" computerName="X220V2" duration="00:00:00.0087309" startTime="2012-05-05T14:04:22.0667344-04:00" endTime="2012-05-05T14:04:22.0837354-04:00" testType="13cdc9d9-ddb5-4fa4-a97d-d965ccfc6d4b" outcome="Passed" testListId="8c84fa94-04c1-424b-9868-57a2d4851a1d" relativeResultsDirectory="9499d713-776a-4b17-9d01-2d1b4af7ece9">
    </UnitTestResult>
  </Results>
</TestRun>