<?xml version="1.0" encoding="UTF-8"?>
<TestRun id="6030abf6-bb0d-45b8-a5fe-8fab4b4e4b8f" name="bitmask@X220V2 2012-05-05 14:02:50" runUser="X220V2\bitmask" xmlns="http://microsoft.com/schemas/VisualStudio/TeamTest/2010">
  <TestSettings name="Local" id="376875eb-3a57-4823-843f-c1397ad28b21">
    <Description>These are default test settings for a local test run.</Description>
    <Deployment enabled="false" runDeploymentRoot="bitmask_X220V2 2012-05-05 14_02_50">
      <DeploymentItem filename="C:\dev\github\classes\linq\labs\LINQ_Layered\after\EmployeeTimeCards\EmployeeTimeCards.Core\bin\Debug\EmployeeTimeCards.Core.dll" />
      <DeploymentItem filename="C:\dev\github\classes\linq\labs\LINQ_Layered\after\EmployeeTimeCards\EmployeeTimeCards.Web\bin\EmployeeTimeCards.Web.dll" />
    </Deployment>
    <Execution>
      <TestTypeSpecific />
      <AgentRule name="Execution Agents">
      </AgentRule>
    </Execution>
  </TestSettings>
  <Times creation="2012-05-05T14:02:50.6605063-04:00" queuing="2012-05-05T14:02:50.8845191-04:00" start="2012-05-05T14:02:50.9095205-04:00" finish="2012-05-05T14:02:51.9385794-04:00" />
  <ResultSummary outcome="Completed">
    <Counters total="2" executed="2" passed="2" error="0" failed="0" timeout="0" aborted="0" inconclusive="0" passedButRunAborted="0" notRunnable="0" notExecuted="0" disconnected="0" warning="0" completed="0" inProgress="0" pending="0" />
  </ResultSummary>
  <TestDefinitions>
    <UnitTest name="Commits_When_Edit_Succesfull" storage="c:\dev\github\classes\linq\labs\linq_layered\after\employeetimecards\employeetimecards.tests\bin\debug\employeetimecards.tests.dll" id="918eb8ca-fa38-3e71-72ee-971248c932db">
      <Execution id="3225078d-d522-4736-ba97-0f920aaf9869" />
      <TestMethod codeBase="C:/dev/github/classes/linq/labs/LINQ_Layered/after/EmployeeTimeCards/EmployeeTimeCards.Tests/bin/Debug/EmployeeTimeCards.Tests.DLL" adapterTypeName="Microsoft.VisualStudio.TestTools.TestTypes.Unit.UnitTestAdapter, Microsoft.VisualStudio.QualityTools.Tips.UnitTest.Adapter, Version=10.0.0.0, Culture=neutral, PublicKeyToken=b03f5f7f11d50a3a" className="EmployeeTimeCards.Tests.HomeController_Edit, EmployeeTimeCards.Tests, Version=1.0.0.0, Culture=neutral, PublicKeyToken=null" name="Commits_When_Edit_Succesfull" />
    </UnitTest>
    <UnitTest name="Returns_Correct_Model_On_Edit_Get" storage="c:\dev\github\classes\linq\labs\linq_layered\after\employeetimecards\employeetimecards.tests\bin\debug\employeetimecards.tests.dll" id="8db44f18-bf66-0907-e2ee-479518dabd8a">
      <Execution id="d4df2525-393c-42a3-9e99-c1bc2942a225" />
      <TestMethod codeBase="C:/dev/github/classes/linq/labs/LINQ_Layered/after/EmployeeTimeCards/EmployeeTimeCards.Tests/bin/Debug/EmployeeTimeCards.Tests.DLL" adapterTypeName="Microsoft.VisualStudio.TestTools.TestTypes.Unit.UnitTestAdapter, Microsoft.VisualStudio.QualityTools.Tips.UnitTest.Adapter, Version=10.0.0.0, Culture=neutral, PublicKeyToken=b03f5f7f11d50a3a" className="EmployeeTimeCards.Tests.HomeController_Edit, EmployeeTimeCards.Tests, Version=1.0.0.0, Culture=neutral, PublicKeyToken=null" name="Returns_Correct_Model_On_Edit_Get" />
    </UnitTest>
  </TestDefinitions>
  <TestLists>
    <TestList name="Results Not in a List" id="8c84fa94-04c1-424b-9868-57a2d4851a1d" />
    <TestList name="All Loaded Results" id="19431567-8539-422a-85d7-44ee4e166bda" />
  </TestLists>
  <TestEntries>
    <TestEntry testId="8db44f18-bf66-0907-e2ee-479518dabd8a" executionId="d4df2525-393c-42a3-9e99-c1bc2942a225" testListId="8c84fa94-04c1-424b-9868-57a2d4851a1d" />
    <TestEntry testId="918eb8ca-fa38-3e71-72ee-971248c932db" executionId="3225078d-d522-4736-ba97-0f920aaf9869" testListId="8c84fa94-04c1-424b-9868-57a2d4851a1d" />
  </TestEntries>
  <Results>
    <UnitTestResult executionId="d4df2525-393c-42a3-9e99-c1bc2942a225" testId="8db44f18-bf66-0907-e2ee-479518dabd8a" testName="Returns_Correct_Model_On_Edit_Get" computerName="X220V2" duration="00:00:00.1295347" startTime="2012-05-05T14:02:50.9545231-04:00" endTime="2012-05-05T14:02:51.8555746-04:00" testType="13cdc9d9-ddb5-4fa4-a97d-d965ccfc6d4b" outcome="Passed" testListId="8c84fa94-04c1-424b-9868-57a2d4851a1d" relativeResultsDirectory="d4df2525-393c-42a3-9e99-c1bc2942a225">
    </UnitTestResult>
    <UnitTestResult executionId="3225078d-d522-4736-ba97-0f920aaf9869" testId="918eb8ca-fa38-3e71-72ee-971248c932db" testName="Commits_When_Edit_Succesfull" computerName="X220V2" duration="00:00:00.0190143" startTime="2012-05-05T14:02:51.8605749-04:00" endTime="2012-05-05T14:02:51.8905766-04:00" testType="13cdc9d9-ddb5-4fa4-a97d-d965ccfc6d4b" outcome="Passed" testListId="8c84fa94-04c1-424b-9868-57a2d4851a1d" relativeResultsDirectory="3225078d-d522-4736-ba97-0f920aaf9869">
    </UnitTestResult>
  </Results>
</TestRun>