<?xml version="1.0" encoding="UTF-8"?>
<TestRun id="253e123b-f09f-4d22-a34c-c43ee9d258f7" name="bitmask@X220V2 2012-05-05 05:01:12" runUser="X220V2\bitmask" xmlns="http://microsoft.com/schemas/VisualStudio/TeamTest/2010">
  <TestSettings name="Local" id="c15e138b-f10e-4eef-8c8f-eebfb7a96e5f">
    <Description>These are default test settings for a local test run.</Description>
    <Deployment enabled="false" runDeploymentRoot="bitmask_X220V2 2012-05-05 05_01_12">
      <DeploymentItem filename="C:\dev\github\classes\linq\labs\LINQ_BeyondQueries\after\Functional\Functional\bin\Debug\Functional.dll" />
    </Deployment>
    <Execution>
      <TestTypeSpecific />
      <AgentRule name="Execution Agents">
      </AgentRule>
    </Execution>
  </TestSettings>
  <Times creation="2012-05-05T05:01:12.1450765-04:00" queuing="2012-05-05T05:01:14.1981940-04:00" start="2012-05-05T05:01:14.3522028-04:00" finish="2012-05-05T05:01:19.4004915-04:00" />
  <ResultSummary outcome="Completed">
    <Counters total="4" executed="4" passed="4" error="0" failed="0" timeout="0" aborted="0" inconclusive="0" passedButRunAborted="0" notRunnable="0" notExecuted="0" disconnected="0" warning="0" completed="0" inProgress="0" pending="0" />
  </ResultSummary>
  <TestDefinitions>
    <UnitTest name="Stepping_Returns_True" storage="c:\dev\github\classes\linq\labs\linq_beyondqueries\after\functional\functional.tests\bin\debug\functional.tests.dll" id="9ce8ba6b-5995-a2f1-4722-6a3746174b02">
      <Execution id="7bc699ab-81c1-4acc-a19c-0001f3ef60d3" />
      <TestMethod codeBase="C:/dev/github/classes/linq/labs/LINQ_BeyondQueries/after/Functional/Functional.Tests/bin/Debug/Functional.Tests.DLL" adapterTypeName="Microsoft.VisualStudio.TestTools.TestTypes.Unit.UnitTestAdapter, Microsoft.VisualStudio.QualityTools.Tips.UnitTest.Adapter, Version=10.0.0.0, Culture=neutral, PublicKeyToken=b03f5f7f11d50a3a" className="Functional.Tests.StepperTests, Functional.Tests, Version=1.0.0.0, Culture=neutral, PublicKeyToken=null" name="Stepping_Returns_True" />
    </UnitTest>
    <UnitTest name="MovieWithTooShortDurationIsAnError" storage="c:\dev\github\classes\linq\labs\linq_beyondqueries\after\functional\functional.tests\bin\debug\functional.tests.dll" id="afb65ac4-58eb-7491-b087-dca01782f159">
      <Execution id="b16339de-775f-43c5-83c8-8e8a49a23e6c" />
      <TestMethod codeBase="C:/dev/github/classes/linq/labs/LINQ_BeyondQueries/after/Functional/Functional.Tests/bin/Debug/Functional.Tests.DLL" adapterTypeName="Microsoft.VisualStudio.TestTools.TestTypes.Unit.UnitTestAdapter, Microsoft.VisualStudio.QualityTools.Tips.UnitTest.Adapter, Version=10.0.0.0, Culture=neutral, PublicKeyToken=b03f5f7f11d50a3a" className="Functional.Tests.MovieValidationTests, Functional.Tests, Version=1.0.0.0, Culture=neutral, PublicKeyToken=null" name="MovieWithTooShortDurationIsAnError" />
    </UnitTest>
    <UnitTest name="MovieWithBadReleaseDateIsError" storage="c:\dev\github\classes\linq\labs\linq_beyondqueries\after\functional\functional.tests\bin\debug\functional.tests.dll" id="9877f76a-be6b-91b1-4ebb-211e472afa4e">
      <Execution id="0f759607-abf3-40c9-9fb9-653e7336f9b8" />
      <TestMethod codeBase="C:/dev/github/classes/linq/labs/LINQ_BeyondQueries/after/Functional/Functional.Tests/bin/Debug/Functional.Tests.DLL" adapterTypeName="Microsoft.VisualStudio.TestTools.TestTypes.Unit.UnitTestAdapter, Microsoft.VisualStudio.QualityTools.Tips.UnitTest.Adapter, Version=10.0.0.0, Culture=neutral, PublicKeyToken=b03f5f7f11d50a3a" className="Functional.Tests.MovieValidationTests, Functional.Tests, Version=1.0.0.0, Culture=neutral, PublicKeyToken=null" name="MovieWithBadReleaseDateIsError" />
    </UnitTest>
    <UnitTest name="MovieWithNoTitleIsAnError" storage="c:\dev\github\classes\linq\labs\linq_beyondqueries\after\functional\functional.tests\bin\debug\functional.tests.dll" id="c859baf6-7afc-4dc3-789b-e0f422fe51c3">
      <Execution id="ce33b912-0b34-468e-a24a-e69363fd537f" />
      <TestMethod codeBase="C:/dev/github/classes/linq/labs/LINQ_BeyondQueries/after/Functional/Functional.Tests/bin/Debug/Functional.Tests.DLL" adapterTypeName="Microsoft.VisualStudio.TestTools.TestTypes.Unit.UnitTestAdapter, Microsoft.VisualStudio.QualityTools.Tips.UnitTest.Adapter, Version=10.0.0.0, Culture=neutral, PublicKeyToken=b03f5f7f11d50a3a" className="Functional.Tests.MovieValidationTests, Functional.Tests, Version=1.0.0.0, Culture=neutral, PublicKeyToken=null" name="MovieWithNoTitleIsAnError" />
    </UnitTest>
  </TestDefinitions>
  <TestLists>
    <TestList name="Results Not in a List" id="8c84fa94-04c1-424b-9868-57a2d4851a1d" />
    <TestList name="All Loaded Results" id="19431567-8539-422a-85d7-44ee4e166bda" />
  </TestLists>
  <TestEntries>
    <TestEntry testId="9877f76a-be6b-91b1-4ebb-211e472afa4e" executionId="0f759607-abf3-40c9-9fb9-653e7336f9b8" testListId="8c84fa94-04c1-424b-9868-57a2d4851a1d" />
    <TestEntry testId="9ce8ba6b-5995-a2f1-4722-6a3746174b02" executionId="7bc699ab-81c1-4acc-a19c-0001f3ef60d3" testListId="8c84fa94-04c1-424b-9868-57a2d4851a1d" />
    <TestEntry testId="afb65ac4-58eb-7491-b087-dca01782f159" executionId="b16339de-775f-43c5-83c8-8e8a49a23e6c" testListId="8c84fa94-04c1-424b-9868-57a2d4851a1d" />
    <TestEntry testId="c859baf6-7afc-4dc3-789b-e0f422fe51c3" executionId="ce33b912-0b34-468e-a24a-e69363fd537f" testListId="8c84fa94-04c1-424b-9868-57a2d4851a1d" />
  </TestEntries>
  <Results>
    <UnitTestResult executionId="0f759607-abf3-40c9-9fb9-653e7336f9b8" testId="9877f76a-be6b-91b1-4ebb-211e472afa4e" testName="MovieWithBadReleaseDateIsError" computerName="X220V2" duration="00:00:00.0590357" startTime="2012-05-05T05:01:14.3852046-04:00" endTime="2012-05-05T05:01:15.2852561-04:00" testType="13cdc9d9-ddb5-4fa4-a97d-d965ccfc6d4b" outcome="Passed" testListId="8c84fa94-04c1-424b-9868-57a2d4851a1d" relativeResultsDirectory="0f759607-abf3-40c9-9fb9-653e7336f9b8">
    </UnitTestResult>
    <UnitTestResult executionId="7bc699ab-81c1-4acc-a19c-0001f3ef60d3" testId="9ce8ba6b-5995-a2f1-4722-6a3746174b02" testName="Stepping_Returns_True" computerName="X220V2" duration="00:00:04.0091994" startTime="2012-05-05T05:01:15.2932566-04:00" endTime="2012-05-05T05:01:19.3134865-04:00" testType="13cdc9d9-ddb5-4fa4-a97d-d965ccfc6d4b" outcome="Passed" testListId="8c84fa94-04c1-424b-9868-57a2d4851a1d" relativeResultsDirectory="7bc699ab-81c1-4acc-a19c-0001f3ef60d3">
    </UnitTestResult>
    <UnitTestResult executionId="b16339de-775f-43c5-83c8-8e8a49a23e6c" testId="afb65ac4-58eb-7491-b087-dca01782f159" testName="MovieWithTooShortDurationIsAnError" computerName="X220V2" duration="00:00:00.0010001" startTime="2012-05-05T05:01:19.3174868-04:00" endTime="2012-05-05T05:01:19.3294874-04:00" testType="13cdc9d9-ddb5-4fa4-a97d-d965ccfc6d4b" outcome="Passed" testListId="8c84fa94-04c1-424b-9868-57a2d4851a1d" relativeResultsDirectory="b16339de-775f-43c5-83c8-8e8a49a23e6c">
    </UnitTestResult>
    <UnitTestResult executionId="ce33b912-0b34-468e-a24a-e69363fd537f" testId="c859baf6-7afc-4dc3-789b-e0f422fe51c3" testName="MovieWithNoTitleIsAnError" computerName="X220V2" duration="00:00:00.0009484" startTime="2012-05-05T05:01:19.3334877-04:00" endTime="2012-05-05T05:01:19.3434882-04:00" testType="13cdc9d9-ddb5-4fa4-a97d-d965ccfc6d4b" outcome="Passed" testListId="8c84fa94-04c1-424b-9868-57a2d4851a1d" relativeResultsDirectory="ce33b912-0b34-468e-a24a-e69363fd537f">
    </UnitTestResult>
  </Results>
</TestRun>